# JRE version: Java(TM) SE Runtime Environment (8.0_151-b12) (build 1.8.0_151-b12)
# Java VM: Java HotSpot(TM) 64-Bit Server VM (25.151-b12 mixed mode windows-amd64 compressed oops)
Heap:
 PSYoungGen      total 242176K, used 13573K [0x00000000d7100000, 0x00000000e7800000, 0x0000000100000000)
  eden space 226304K, 5% used [0x00000000d7100000,0x00000000d7e417b0,0x00000000e4e00000)
  from space 15872K, 0% used [0x00000000e6880000,0x00000000e6880000,0x00000000e7800000)
  to   space 20480K, 0% used [0x00000000e5000000,0x00000000e5000000,0x00000000e6400000)
 ParOldGen       total 108544K, used 29127K [0x0000000085200000, 0x000000008bc00000, 0x00000000d7100000)
  object space 108544K, 26% used [0x0000000085200000,0x0000000086e71f68,0x000000008bc00000)
 Metaspace       used 57970K, capacity 60440K, committed 60544K, reserved 1101824K
  class space    used 7814K, capacity 8247K, committed 8320K, reserved 1048576K
GC Heap History (10 events):
Event: 4.202 GC heap before
{Heap before GC invocations=9 (full 1):
 PSYoungGen      total 131584K, used 106726K [0x00000000d7100000, 0x00000000e3800000, 0x0000000100000000)
  eden space 122880K, 79% used [0x00000000d7100000,0x00000000dd0bcd30,0x00000000de900000)
  from space 8704K, 99% used [0x00000000de900000,0x00000000df17cd70,0x00000000df180000)
  to   space 11264K, 0% used [0x00000000e2d00000,0x00000000e2d00000,0x00000000e3800000)
 ParOldGen       total 48128K, used 7769K [0x0000000085200000, 0x0000000088100000, 0x00000000d7100000)
  object space 48128K, 16% used [0x0000000085200000,0x0000000085996728,0x0000000088100000)
 Metaspace       used 33905K, capacity 35366K, committed 35456K, reserved 1079296K
  class space    used 4436K, capacity 4714K, committed 4736K, reserved 1048576K
Event: 4.220 GC heap after
Heap after GC invocations=9 (full 1):
 PSYoungGen      total 188928K, used 11245K [0x00000000d7100000, 0x00000000e5100000, 0x0000000100000000)
  eden space 177664K, 0% used [0x00000000d7100000,0x00000000d7100000,0x00000000e1e80000)
  from space 11264K, 99% used [0x00000000e2d00000,0x00000000e37fb5b8,0x00000000e3800000)
  to   space 14848K, 0% used [0x00000000e1e80000,0x00000000e1e80000,0x00000000e2d00000)
 ParOldGen       total 48128K, used 12771K [0x0000000085200000, 0x0000000088100000, 0x00000000d7100000)
  object space 48128K, 26% used [0x0000000085200000,0x0000000085e78ce8,0x0000000088100000)
 Metaspace       used 33905K, capacity 35366K, committed 35456K, reserved 1079296K
  class space    used 4436K, capacity 4714K, committed 4736K, reserved 1048576K
}
Event: 4.220 GC heap before
{Heap before GC invocations=10 (full 2):
 PSYoungGen      total 188928K, used 11245K [0x00000000d7100000, 0x00000000e5100000, 0x0000000100000000)
  eden space 177664K, 0% used [0x00000000d7100000,0x00000000d7100000,0x00000000e1e80000)
  from space 11264K, 99% used [0x00000000e2d00000,0x00000000e37fb5b8,0x00000000e3800000)
  to   space 14848K, 0% used [0x00000000e1e80000,0x00000000e1e80000,0x00000000e2d00000)
 ParOldGen       total 48128K, used 12771K [0x0000000085200000, 0x0000000088100000, 0x00000000d7100000)
  object space 48128K, 26% used [0x0000000085200000,0x0000000085e78ce8,0x0000000088100000)
 Metaspace       used 33905K, capacity 35366K, committed 35456K, reserved 1079296K
  class space    used 4436K, capacity 4714K, committed 4736K, reserved 1048576K
Event: 4.310 GC heap after
Heap after GC invocations=10 (full 2):
 PSYoungGen      total 188928K, used 0K [0x00000000d7100000, 0x00000000e5100000, 0x0000000100000000)
  eden space 177664K, 0% used [0x00000000d7100000,0x00000000d7100000,0x00000000e1e80000)
  from space 11264K, 0% used [0x00000000e2d00000,0x00000000e2d00000,0x00000000e3800000)
  to   space 14848K, 0% used [0x00000000e1e80000,0x00000000e1e80000,0x00000000e2d00000)
 ParOldGen       total 81920K, used 20374K [0x0000000085200000, 0x000000008a200000, 0x00000000d7100000)
  object space 81920K, 24% used [0x0000000085200000,0x00000000865e5b48,0x000000008a200000)
 Metaspace       used 33905K, capacity 35366K, committed 35456K, reserved 1079296K
  class space    used 4436K, capacity 4714K, committed 4736K, reserved 1048576K
}
Event: 6.913 GC heap before
{Heap before GC invocations=11 (full 2):
 PSYoungGen      total 188928K, used 177664K [0x00000000d7100000, 0x00000000e5100000, 0x0000000100000000)
  eden space 177664K, 100% used [0x00000000d7100000,0x00000000e1e80000,0x00000000e1e80000)
  from space 11264K, 0% used [0x00000000e2d00000,0x00000000e2d00000,0x00000000e3800000)
  to   space 14848K, 0% used [0x00000000e1e80000,0x00000000e1e80000,0x00000000e2d00000)
 ParOldGen       total 81920K, used 20374K [0x0000000085200000, 0x000000008a200000, 0x00000000d7100000)
  object space 81920K, 24% used [0x0000000085200000,0x00000000865e5b48,0x000000008a200000)
 Metaspace       used 51917K, capacity 54038K, committed 54272K, reserved 1095680K
  class space    used 6945K, capacity 7314K, committed 7424K, reserved 1048576K
Event: 6.933 GC heap after
Heap after GC invocations=11 (full 2):
 PSYoungGen      total 192512K, used 14829K [0x00000000d7100000, 0x00000000e7b80000, 0x0000000100000000)
  eden space 177664K, 0% used [0x00000000d7100000,0x00000000d7100000,0x00000000e1e80000)
  from space 14848K, 99% used [0x00000000e1e80000,0x00000000e2cfb648,0x00000000e2d00000)
  to   space 19456K, 0% used [0x00000000e6880000,0x00000000e6880000,0x00000000e7b80000)
 ParOldGen       total 81920K, used 25931K [0x0000000085200000, 0x000000008a200000, 0x00000000d7100000)
  object space 81920K, 31% used [0x0000000085200000,0x0000000086b52eb8,0x000000008a200000)
 Metaspace       used 51917K, capacity 54038K, committed 54272K, reserved 1095680K
  class space    used 6945K, capacity 7314K, committed 7424K, reserved 1048576K
}
Event: 23.185 GC heap before
{Heap before GC invocations=12 (full 2):
 PSYoungGen      total 192512K, used 188446K [0x00000000d7100000, 0x00000000e7b80000, 0x0000000100000000)
  eden space 177664K, 97% used [0x00000000d7100000,0x00000000e1a8c3e0,0x00000000e1e80000)
  from space 14848K, 99% used [0x00000000e1e80000,0x00000000e2cfb648,0x00000000e2d00000)
  to   space 19456K, 0% used [0x00000000e6880000,0x00000000e6880000,0x00000000e7b80000)
 ParOldGen       total 81920K, used 25931K [0x0000000085200000, 0x000000008a200000, 0x00000000d7100000)
  object space 81920K, 31% used [0x0000000085200000,0x0000000086b52eb8,0x000000008a200000)
 Metaspace       used 56684K, capacity 59030K, committed 59096K, reserved 1099776K
  class space    used 7614K, capacity 8028K, committed 8064K, reserved 1048576K
Event: 23.202 GC heap after
Heap after GC invocations=12 (full 2):
 PSYoungGen      total 242176K, used 15761K [0x00000000d7100000, 0x00000000e7800000, 0x0000000100000000)
  eden space 226304K, 0% used [0x00000000d7100000,0x00000000d7100000,0x00000000e4e00000)
  from space 15872K, 99% used [0x00000000e6880000,0x00000000e77e46b0,0x00000000e7800000)
  to   space 20480K, 0% used [0x00000000e5000000,0x00000000e5000000,0x00000000e6400000)
 ParOldGen       total 81920K, used 25939K [0x0000000085200000, 0x000000008a200000, 0x00000000d7100000)
  object space 81920K, 31% used [0x0000000085200000,0x0000000086b54eb8,0x000000008a200000)
 Metaspace       used 56684K, capacity 59030K, committed 59096K, reserved 1099776K
  class space    used 7614K, capacity 8028K, committed 8064K, reserved 1048576K
}
Event: 23.202 GC heap before
{Heap before GC invocations=13 (full 3):
 PSYoungGen      total 242176K, used 15761K [0x00000000d7100000, 0x00000000e7800000, 0x0000000100000000)
  eden space 226304K, 0% used [0x00000000d7100000,0x00000000d7100000,0x00000000e4e00000)
  from space 15872K, 99% used [0x00000000e6880000,0x00000000e77e46b0,0x00000000e7800000)
  to   space 20480K, 0% used [0x00000000e5000000,0x00000000e5000000,0x00000000e6400000)
 ParOldGen       total 81920K, used 25939K [0x0000000085200000, 0x000000008a200000, 0x00000000d7100000)
  object space 81920K, 31% used [0x0000000085200000,0x0000000086b54eb8,0x000000008a200000)
 Metaspace       used 56684K, capacity 59030K, committed 59096K, reserved 1099776K
  class space    used 7614K, capacity 8028K, committed 8064K, reserved 1048576K
Event: 23.347 GC heap after
Heap after GC invocations=13 (full 3):
 PSYoungGen      total 242176K, used 0K [0x00000000d7100000, 0x00000000e7800000, 0x0000000100000000)
  eden space 226304K, 0% used [0x00000000d7100000,0x00000000d7100000,0x00000000e4e00000)
  from space 15872K, 0% used [0x00000000e6880000,0x00000000e6880000,0x00000000e7800000)
  to   space 20480K, 0% used [0x00000000e5000000,0x00000000e5000000,0x00000000e6400000)
 ParOldGen       total 108544K, used 29127K [0x0000000085200000, 0x000000008bc00000, 0x00000000d7100000)
  object space 108544K, 26% used [0x0000000085200000,0x0000000086e71f68,0x000000008bc00000)
 Metaspace       used 56684K, capacity 59030K, committed 59096K, reserved 1099776K
  class space    used 7614K, capacity 8028K, committed 8064K, reserved 1048576K
}

